The system is: Windows - 10.0.18362 - AMD64
Compiling the C compiler identification source file "CMakeCCompilerId.c" succeeded.
Compiler: C:/Program Files (x86)/Microsoft Visual Studio/2019/Preview/VC/Tools/MSVC/14.26.28801/bin/Hostx86/x86/cl.exe 
Build flags: 
Id flags:  

The output was:
0
Microsoft (R) C/C++ Optimizing Compiler Version 19.26.28805 for x86
Copyright (C) Microsoft Corporation.  All rights reserved.

CMakeCCompilerId.c
Microsoft (R) Incremental Linker Version 14.26.28805.0
Copyright (C) Microsoft Corporation.  All rights reserved.

/out:CMakeCCompilerId.exe 
CMakeCCompilerId.obj 


Compilation of the C compiler identification source "CMakeCCompilerId.c" produced "CMakeCCompilerId.exe"

Compilation of the C compiler identification source "CMakeCCompilerId.c" produced "CMakeCCompilerId.obj"

The C compiler identification is MSVC, found in "C:/Users/Cezary Petryka/Desktop/gittests/gittest2/cmake-build-debug/CMakeFiles/3.16.5/CompilerIdC/CMakeCCompilerId.exe"

Compiling the CXX compiler identification source file "CMakeCXXCompilerId.cpp" succeeded.
Compiler: C:/Program Files (x86)/Microsoft Visual Studio/2019/Preview/VC/Tools/MSVC/14.26.28801/bin/Hostx86/x86/cl.exe 
Build flags: 
Id flags:  

The output was:
0
Microsoft (R) C/C++ Optimizing Compiler Version 19.26.28805 for x86
Copyright (C) Microsoft Corporation.  All rights reserved.

CMakeCXXCompilerId.cpp
Microsoft (R) Incremental Linker Version 14.26.28805.0
Copyright (C) Microsoft Corporation.  All rights reserved.

/out:CMakeCXXCompilerId.exe 
CMakeCXXCompilerId.obj 


Compilation of the CXX compiler identification source "CMakeCXXCompilerId.cpp" produced "CMakeCXXCompilerId.exe"

Compilation of the CXX compiler identification source "CMakeCXXCompilerId.cpp" produced "CMakeCXXCompilerId.obj"

The CXX compiler identification is MSVC, found in "C:/Users/Cezary Petryka/Desktop/gittests/gittest2/cmake-build-debug/CMakeFiles/3.16.5/CompilerIdCXX/CMakeCXXCompilerId.exe"

Determining if the C compiler works passed with the following output:
Change Dir: C:/Users/Cezary Petryka/Desktop/gittests/gittest2/cmake-build-debug/CMakeFiles/CMakeTmp

Run Build Command(s):nmake /nologo cmTC_20e53\fast && 	"C:\Program Files (x86)\Microsoft Visual Studio\2019\Preview\VC\Tools\MSVC\14.26.28801\bin\HostX86\x86\nmake.exe" -f CMakeFiles\cmTC_20e53.dir\build.make /nologo -L                  CMakeFiles\cmTC_20e53.dir\build

Building C object CMakeFiles/cmTC_20e53.dir/testCCompiler.c.obj

	C:\PROGRA~2\MICROS~1\2019\Preview\VC\Tools\MSVC\1426~1.288\bin\Hostx86\x86\cl.exe @C:\Users\CEZARY~1\AppData\Local\Temp\nm7DC0.tmp

testCCompiler.c

Linking C executable cmTC_20e53.exe

	"C:\Program Files\JetBrains\CLion 2020.1.1\bin\cmake\win\bin\cmake.exe" -E vs_link_exe --intdir=CMakeFiles\cmTC_20e53.dir --rc=C:\PROGRA~2\WI3CF2~1\10\bin\100183~1.0\x86\rc.exe --mt=C:\PROGRA~2\WI3CF2~1\10\bin\100183~1.0\x86\mt.exe --manifests  -- C:\PROGRA~2\MICROS~1\2019\Preview\VC\Tools\MSVC\1426~1.288\bin\Hostx86\x86\link.exe /nologo @CMakeFiles\cmTC_20e53.dir\objects1.rsp @C:\Users\CEZARY~1\AppData\Local\Temp\nm7FB5.tmp




Detecting C compiler ABI info compiled with the following output:
Change Dir: C:/Users/Cezary Petryka/Desktop/gittests/gittest2/cmake-build-debug/CMakeFiles/CMakeTmp

Run Build Command(s):nmake /nologo cmTC_2c1aa\fast && 	"C:\Program Files (x86)\Microsoft Visual Studio\2019\Preview\VC\Tools\MSVC\14.26.28801\bin\HostX86\x86\nmake.exe" -f CMakeFiles\cmTC_2c1aa.dir\build.make /nologo -L                  CMakeFiles\cmTC_2c1aa.dir\build

Building C object CMakeFiles/cmTC_2c1aa.dir/CMakeCCompilerABI.c.obj

	C:\PROGRA~2\MICROS~1\2019\Preview\VC\Tools\MSVC\1426~1.288\bin\Hostx86\x86\cl.exe @C:\Users\CEZARY~1\AppData\Local\Temp\nm8429.tmp

CMakeCCompilerABI.c

Linking C executable cmTC_2c1aa.exe

	"C:\Program Files\JetBrains\CLion 2020.1.1\bin\cmake\win\bin\cmake.exe" -E vs_link_exe --intdir=CMakeFiles\cmTC_2c1aa.dir --rc=C:\PROGRA~2\WI3CF2~1\10\bin\100183~1.0\x86\rc.exe --mt=C:\PROGRA~2\WI3CF2~1\10\bin\100183~1.0\x86\mt.exe --manifests  -- C:\PROGRA~2\MICROS~1\2019\Preview\VC\Tools\MSVC\1426~1.288\bin\Hostx86\x86\link.exe /nologo @CMakeFiles\cmTC_2c1aa.dir\objects1.rsp @C:\Users\CEZARY~1\AppData\Local\Temp\nm84F5.tmp




Determining if the CXX compiler works passed with the following output:
Change Dir: C:/Users/Cezary Petryka/Desktop/gittests/gittest2/cmake-build-debug/CMakeFiles/CMakeTmp

Run Build Command(s):nmake /nologo cmTC_57470\fast && 	"C:\Program Files (x86)\Microsoft Visual Studio\2019\Preview\VC\Tools\MSVC\14.26.28801\bin\HostX86\x86\nmake.exe" -f CMakeFiles\cmTC_57470.dir\build.make /nologo -L                  CMakeFiles\cmTC_57470.dir\build

Building CXX object CMakeFiles/cmTC_57470.dir/testCXXCompiler.cxx.obj

	C:\PROGRA~2\MICROS~1\2019\Preview\VC\Tools\MSVC\1426~1.288\bin\Hostx86\x86\cl.exe @C:\Users\CEZARY~1\AppData\Local\Temp\nm88EB.tmp

testCXXCompiler.cxx

Linking CXX executable cmTC_57470.exe

	"C:\Program Files\JetBrains\CLion 2020.1.1\bin\cmake\win\bin\cmake.exe" -E vs_link_exe --intdir=CMakeFiles\cmTC_57470.dir --rc=C:\PROGRA~2\WI3CF2~1\10\bin\100183~1.0\x86\rc.exe --mt=C:\PROGRA~2\WI3CF2~1\10\bin\100183~1.0\x86\mt.exe --manifests  -- C:\PROGRA~2\MICROS~1\2019\Preview\VC\Tools\MSVC\1426~1.288\bin\Hostx86\x86\link.exe /nologo @CMakeFiles\cmTC_57470.dir\objects1.rsp @C:\Users\CEZARY~1\AppData\Local\Temp\nm89A8.tmp




Detecting CXX compiler ABI info compiled with the following output:
Change Dir: C:/Users/Cezary Petryka/Desktop/gittests/gittest2/cmake-build-debug/CMakeFiles/CMakeTmp

Run Build Command(s):nmake /nologo cmTC_1fe33\fast && 	"C:\Program Files (x86)\Microsoft Visual Studio\2019\Preview\VC\Tools\MSVC\14.26.28801\bin\HostX86\x86\nmake.exe" -f CMakeFiles\cmTC_1fe33.dir\build.make /nologo -L                  CMakeFiles\cmTC_1fe33.dir\build

Building CXX object CMakeFiles/cmTC_1fe33.dir/CMakeCXXCompilerABI.cpp.obj

	C:\PROGRA~2\MICROS~1\2019\Preview\VC\Tools\MSVC\1426~1.288\bin\Hostx86\x86\cl.exe @C:\Users\CEZARY~1\AppData\Local\Temp\nm8D41.tmp

CMakeCXXCompilerABI.cpp

Linking CXX executable cmTC_1fe33.exe

	"C:\Program Files\JetBrains\CLion 2020.1.1\bin\cmake\win\bin\cmake.exe" -E vs_link_exe --intdir=CMakeFiles\cmTC_1fe33.dir --rc=C:\PROGRA~2\WI3CF2~1\10\bin\100183~1.0\x86\rc.exe --mt=C:\PROGRA~2\WI3CF2~1\10\bin\100183~1.0\x86\mt.exe --manifests  -- C:\PROGRA~2\MICROS~1\2019\Preview\VC\Tools\MSVC\1426~1.288\bin\Hostx86\x86\link.exe /nologo @CMakeFiles\cmTC_1fe33.dir\objects1.rsp @C:\Users\CEZARY~1\AppData\Local\Temp\nm8DCE.tmp




